<?xml version="1.0" encoding="UTF-8"?>
<!-- Generated by org.testng.reporters.JUnitReportReporter -->
<testsuite skipped="0" hostname="sagars-MacBook-Pro.local" name="LoginPage.verifyLoginPage" tests="1" failures="0" timestamp="2021-05-28T13:35:47 IST" time="4.620" errors="0">
  <testcase name="verifyLoginpage" time="4.620" classname="LoginPage.verifyLoginPage"/>
</testsuite> <!-- LoginPage.verifyLoginPage -->
